<?xml version="1.0" encoding="UTF-8"?>
<!-- Generated by org.testng.reporters.JUnitReportReporter -->
<testsuite skipped="1" hostname="Sheiks-MacBook-Air.local" name="com.testrunner.TestRunner" tests="1" failures="0" timestamp="29 Feb 2020 06:03:23 GMT" time="0.000" errors="0">
  <testcase name="feature" time="0.000" classname="com.testrunner.TestRunner">
    <skipped/>
  </testcase> <!-- feature -->
</testsuite> <!-- com.testrunner.TestRunner -->
