<?xml version="1.0" encoding="UTF-8"?>
<!-- Generated by org.testng.reporters.JUnitReportReporter -->
<testsuite skipped="0" hostname="Sheiks-MacBook-Air.local" name="com.common.CrossBrowser" tests="3" failures="0" timestamp="29 Feb 2020 17:15:34 GMT" time="15.956" errors="0">
  <testcase name="getBrowser" time="5.922" classname="com.common.CrossBrowser"/>
  <testcase name="getBrowser" time="5.627" classname="com.common.CrossBrowser"/>
  <testcase name="getBrowser" time="4.407" classname="com.common.CrossBrowser"/>
</testsuite> <!-- com.common.CrossBrowser -->
