<?xml version="1.0" encoding="UTF-8"?>
<!-- Generated by org.testng.reporters.JUnitReportReporter -->
<testsuite skipped="0" hostname="Sheiks-MacBook-Air.local" name="com.common.CrossBrowser" tests="3" failures="0" timestamp="29 Feb 2020 06:00:00 GMT" time="22.564" errors="0">
  <testcase name="getBrowser" time="9.147" classname="com.common.CrossBrowser"/>
  <testcase name="getBrowser" time="8.206" classname="com.common.CrossBrowser"/>
  <testcase name="getBrowser" time="5.211" classname="com.common.CrossBrowser"/>
</testsuite> <!-- com.common.CrossBrowser -->
